<?xml version="1.0" encoding="UTF-8"?>
<!-- Generated by org.testng.reporters.JUnitReportReporter -->
<testsuite hostname="192.168.1.3" name="TestRunner.TestRunner" tests="1" failures="0" timestamp="20 Jun 2023 16:55:10 GMT" time="14.124" errors="0">
  <testcase name="testParallel" time="14.124" classname="TestRunner.TestRunner"/>
</testsuite> <!-- TestRunner.TestRunner -->
