<?xml version="1.0" encoding="UTF-8"?>
<!-- Generated by org.testng.reporters.JUnitReportReporter -->
<testsuite hostname="Logeshs-MacBook-Air.local" name="TestRunner.TestRunner" tests="1" failures="0" timestamp="30 Aug 2021 16:18:12 GMT" time="9.174" errors="0">
  <testcase name="testParallel" time="9.174" classname="TestRunner.TestRunner"/>
</testsuite> <!-- TestRunner.TestRunner -->
