<?xml version="1.0" encoding="UTF-8"?>
<!-- Generated by org.testng.reporters.JUnitReportReporter -->
<testsuite hostname="Logeshs-MacBook-Air.local" name="TestRunner.Report" tests="1" failures="0" timestamp="29 Aug 2021 09:43:22 GMT" time="8.460" errors="0">
  <testcase name="testParallel" time="8.460" classname="TestRunner.Report"/>
</testsuite> <!-- TestRunner.Report -->
